15:14:43.697 INFO  - Processing command line option -hwspec C:\tmp\MP-2\system\SDK\SDK_Export\hw\system.xml. 
15:15:06.005 INFO  - Restoring global repository preferences: 
		 C:\tmp\cpre488mp2\sw_pipeline\system_bsp\ps7_cortexa9_0 
15:15:33.961 INFO  - Saving repository preferences. 
15:15:35.581 INFO  - Saving repository preferences. 
15:16:01.262 ERROR - Unable to read in MSS file C:\tmp\MP-2\sw\system_bsp\system.mss. 
15:23:17.008 ERROR - Unable to read in MSS file C:\tmp\MP-2\sw\system_bsp\system.mss. 
15:23:17.038 ERROR - Unable to read in MSS file C:\tmp\MP-2\sw\system_bsp\system.mss. 
15:23:48.931 ERROR - Unable to read in MSS file C:\tmp\MP-2\sw\system_bsp\system.mss. 
15:26:32.182 INFO  - Project system_bsp was a BSP project. Please update references. 
15:26:32.182 ERROR - SDK has detected that project system_bsp has been deleted (or renamed).
If this project was a BSP referenced by other C/C++ applications, then those applications will fail to build now. Please right click on those applications and click 'Change Referenced BSP' to update those projects' BSP references. 
15:30:52.814 INFO  - Processing command line option -hwspec C:\tmp\MP-2\system\SDK\SDK_Export\hw\system.xml. 
15:31:50.046 INFO  - Restoring global repository preferences: 
		 C:\tmp\cpre488mp2\sw_pipeline\system_bsp\ps7_cortexa9_0 
15:32:33.086 INFO  - Saving repository preferences. 
15:32:33.096 INFO  - Reading in cores from local repositories: 
		 C:\tmp\MP-2\repository 
15:32:33.096 INFO  - Updating libgen.options on all BSP projects. 
15:32:33.096 INFO  - Cleaning BSP projects in the workspace. 
15:33:42.166 INFO  - Saving repository preferences. 
15:33:42.176 INFO  - Reading in cores from local repositories: 
		 C:\tmp\MP-2\repository\ProcessorIPLib 
15:33:42.176 INFO  - Updating libgen.options on all BSP projects. 
15:33:42.176 INFO  - Cleaning BSP projects in the workspace. 
15:36:09.596 INFO  - Saving repository preferences. 
15:36:10.687 INFO  - Saving repository preferences. 
15:36:11.038 INFO  - Saving repository preferences. 
15:36:11.178 INFO  - Saving repository preferences. 
15:36:11.328 INFO  - Saving repository preferences. 
15:36:11.468 INFO  - Saving repository preferences. 
15:36:11.778 INFO  - Saving repository preferences. 
15:36:12.260 INFO  - Saving repository preferences. 
